<?xml version="1.0" encoding="UTF-8"?>
<testsuite xmlns:xsi="http://www.w3.org/2001/XMLSchema-instance" xsi:noNamespaceSchemaLocation="https://maven.apache.org/surefire/maven-surefire-plugin/xsd/surefire-test-report-3.0.xsd" version="3.0" name="com.tfg.mariomh.v2.myApi.controllers.WordControllerTest" time="0.126" tests="2" errors="0" skipped="0" failures="0">
  <properties>
[...]
</properties>
  <testcase name="getTodayWordTest" classname="com.tfg.mariomh.v2.myApi.controllers.WordControllerTest" time="0.041">
    <system-out><![CDATA[2023-11-10T17:13:44.739+01:00  INFO 5168 --- [           main] t.c.s.AnnotationConfigContextLoaderUtils : Could not detect default configuration classes for test class [com.tfg.mariomh.v2.myApi.controllers.WordControllerTest]: WordControllerTest does not declare any static, non-private, non-final, nested classes annotated with @Configuration.
2023-11-10T17:13:44.743+01:00  INFO 5168 --- [           main] .b.t.c.SpringBootTestContextBootstrapper : Found @SpringBootConfiguration com.tfg.mariomh.v2.myApi.MyApiApplication for test class com.tfg.mariomh.v2.myApi.controllers.WordControllerTest
]]></system-out>
  </testcase>
  <testcase name="getDateWordTest" classname="com.tfg.mariomh.v2.myApi.controllers.WordControllerTest" time="0.022"/>
</testsuite>