<?xml version="1.0" encoding="UTF-8"?>
<testsuite xmlns:xsi="http://www.w3.org/2001/XMLSchema-instance" xsi:noNamespaceSchemaLocation="https://maven.apache.org/surefire/maven-surefire-plugin/xsd/surefire-test-report-3.0.xsd" version="3.0" name="com.tfg.mariomh.v2.myApi.controllers.PhoneticControllerTest" time="5.005" tests="2" errors="0" skipped="0" failures="0">
  <properties>
[...]
</properties>
  <testcase name="getTodayMiniGame" classname="com.tfg.mariomh.v2.myApi.controllers.PhoneticControllerTest" time="0.042">
    <system-out><![CDATA[2023-11-10T16:41:37.442+01:00  INFO 660 --- [           main] t.c.s.AnnotationConfigContextLoaderUtils : Could not detect default configuration classes for test class [com.tfg.mariomh.v2.myApi.controllers.PhoneticControllerTest]: PhoneticControllerTest does not declare any static, non-private, non-final, nested classes annotated with @Configuration.
2023-11-10T16:41:37.446+01:00  INFO 660 --- [           main] .b.t.c.SpringBootTestContextBootstrapper : Found @SpringBootConfiguration com.tfg.mariomh.v2.myApi.MyApiApplication for test class com.tfg.mariomh.v2.myApi.controllers.PhoneticControllerTest

  .   ____          _            __ _ _
 /\\ / ___'_ __ _ _(_)_ __  __ _ \ \ \ \
( ( )\___ | '_ | '_| | '_ \/ _` | \ \ \ \
 \\/  ___)| |_)| | | | | || (_| |  ) ) ) )
  '  |____| .__|_| |_|_| |_\__, | / / / /
 =========|_|==============|___/=/_/_/_/
 :: Spring Boot ::                (v3.1.3)

2023-11-10T16:41:37.558+01:00  INFO 660 --- [           main] c.t.m.v.m.c.PhoneticControllerTest       : Starting PhoneticControllerTest using Java 20.0.1 with PID 660 (started by USUARIO in C:\Users\USUARIO\Desktop\tfg\tfgMarioMontalvilloHerrezuelo\myApi)
2023-11-10T16:41:37.559+01:00  INFO 660 --- [           main] c.t.m.v.m.c.PhoneticControllerTest       : No active profile set, falling back to 1 default profile: "default"
2023-11-10T16:41:38.176+01:00  INFO 660 --- [           main] .s.d.r.c.RepositoryConfigurationDelegate : Bootstrapping Spring Data MongoDB repositories in DEFAULT mode.
2023-11-10T16:41:38.249+01:00  INFO 660 --- [           main] .s.d.r.c.RepositoryConfigurationDelegate : Finished Spring Data repository scanning in 72 ms. Found 3 MongoDB repository interfaces.
2023-11-10T16:41:38.388+01:00  INFO 660 --- [           main] o.s.b.w.embedded.tomcat.TomcatWebServer  : Tomcat initialized with port(s): 0 (http)
2023-11-10T16:41:38.388+01:00  INFO 660 --- [           main] o.apache.catalina.core.StandardService   : Starting service [Tomcat]
2023-11-10T16:41:38.389+01:00  INFO 660 --- [           main] o.apache.catalina.core.StandardEngine    : Starting Servlet engine: [Apache Tomcat/10.1.12]
2023-11-10T16:41:38.443+01:00  INFO 660 --- [           main] o.a.c.c.C.[Tomcat-4].[localhost].[/]     : Initializing Spring embedded WebApplicationContext
2023-11-10T16:41:38.443+01:00  INFO 660 --- [           main] w.s.c.ServletWebServerApplicationContext : Root WebApplicationContext: initialization completed in 870 ms
2023-11-10T16:41:38.506+01:00  INFO 660 --- [           main] org.mongodb.driver.client                : MongoClient with metadata {"driver": {"name": "mongo-java-driver|sync|spring-boot", "version": "4.9.1"}, "os": {"type": "Windows", "name": "Windows 10", "architecture": "amd64", "version": "10.0"}, "platform": "Java/Oracle Corporation/20.0.1+9-29"} created with settings MongoClientSettings{readPreference=primary, writeConcern=WriteConcern{w=null, wTimeout=null ms, journal=null}, retryWrites=true, retryReads=true, readConcern=ReadConcern{level=null}, credential=MongoCredential{mechanism=null, userName='mmontalvillo98', source='admin', password=<hidden>, mechanismProperties=<hidden>}, streamFactoryFactory=null, commandListeners=[], codecRegistry=ProvidersCodecRegistry{codecProviders=[ValueCodecProvider{}, BsonValueCodecProvider{}, DBRefCodecProvider{}, DBObjectCodecProvider{}, DocumentCodecProvider{}, CollectionCodecProvider{}, IterableCodecProvider{}, MapCodecProvider{}, GeoJsonCodecProvider{}, GridFSFileCodecProvider{}, Jsr310CodecProvider{}, JsonObjectCodecProvider{}, BsonCodecProvider{}, EnumCodecProvider{}, com.mongodb.client.model.mql.ExpressionCodecProvider@10d4b573, com.mongodb.Jep395RecordCodecProvider@50785f86]}, loggerSettings=LoggerSettings{maxDocumentLength=1000}, clusterSettings={hosts=[127.0.0.1:27017], srvHost=cluster0.cpdonss.mongodb.net, srvServiceName=mongodb, mode=MULTIPLE, requiredClusterType=REPLICA_SET, requiredReplicaSetName='atlas-1v41ew-shard-0', serverSelector='null', clusterListeners='[]', serverSelectionTimeout='30000 ms', localThreshold='30000 ms'}, socketSettings=SocketSettings{connectTimeoutMS=10000, readTimeoutMS=0, receiveBufferSize=0, sendBufferSize=0}, heartbeatSocketSettings=SocketSettings{connectTimeoutMS=10000, readTimeoutMS=10000, receiveBufferSize=0, sendBufferSize=0}, connectionPoolSettings=ConnectionPoolSettings{maxSize=100, minSize=0, maxWaitTimeMS=120000, maxConnectionLifeTimeMS=0, maxConnectionIdleTimeMS=0, maintenanceInitialDelayMS=0, maintenanceFrequencyMS=60000, connectionPoolListeners=[], maxConnecting=2}, serverSettings=ServerSettings{heartbeatFrequencyMS=10000, minHeartbeatFrequencyMS=500, serverListeners='[]', serverMonitorListeners='[]'}, sslSettings=SslSettings{enabled=true, invalidHostNameAllowed=false, context=null}, applicationName='null', compressorList=[], uuidRepresentation=JAVA_LEGACY, serverApi=null, autoEncryptionSettings=null, contextProvider=null}
2023-11-10T16:41:38.532+01:00  INFO 660 --- [nss.mongodb.net] org.mongodb.driver.cluster               : Adding discovered server ac-2jcmsgc-shard-00-00.cpdonss.mongodb.net:27017 to client view of cluster
2023-11-10T16:41:38.533+01:00  INFO 660 --- [nss.mongodb.net] org.mongodb.driver.cluster               : Adding discovered server ac-2jcmsgc-shard-00-01.cpdonss.mongodb.net:27017 to client view of cluster
2023-11-10T16:41:38.534+01:00  INFO 660 --- [nss.mongodb.net] org.mongodb.driver.cluster               : Adding discovered server ac-2jcmsgc-shard-00-02.cpdonss.mongodb.net:27017 to client view of cluster
2023-11-10T16:41:38.595+01:00  INFO 660 --- [           main] org.mongodb.driver.cluster               : No server chosen by com.mongodb.client.internal.MongoClientDelegate$$Lambda$1322/0x00000008016b20c0@48446968 from cluster description ClusterDescription{type=REPLICA_SET, connectionMode=MULTIPLE, serverDescriptions=[ServerDescription{address=ac-2jcmsgc-shard-00-02.cpdonss.mongodb.net:27017, type=UNKNOWN, state=CONNECTING}, ServerDescription{address=ac-2jcmsgc-shard-00-00.cpdonss.mongodb.net:27017, type=UNKNOWN, state=CONNECTING}, ServerDescription{address=ac-2jcmsgc-shard-00-01.cpdonss.mongodb.net:27017, type=UNKNOWN, state=CONNECTING}]}. Waiting for 30000 ms before timing out
2023-11-10T16:41:39.507+01:00  INFO 660 --- [ngodb.net:27017] org.mongodb.driver.cluster               : Monitor thread successfully connected to server with description ServerDescription{address=ac-2jcmsgc-shard-00-02.cpdonss.mongodb.net:27017, type=REPLICA_SET_SECONDARY, state=CONNECTED, ok=true, minWireVersion=0, maxWireVersion=17, maxDocumentSize=16777216, logicalSessionTimeoutMinutes=30, roundTripTimeNanos=593333300, setName='atlas-1v41ew-shard-0', canonicalAddress=ac-2jcmsgc-shard-00-02.cpdonss.mongodb.net:27017, hosts=[ac-2jcmsgc-shard-00-01.cpdonss.mongodb.net:27017, ac-2jcmsgc-shard-00-02.cpdonss.mongodb.net:27017, ac-2jcmsgc-shard-00-00.cpdonss.mongodb.net:27017], passives=[], arbiters=[], primary='ac-2jcmsgc-shard-00-01.cpdonss.mongodb.net:27017', tagSet=TagSet{[Tag{name='nodeType', value='ELECTABLE'}, Tag{name='provider', value='AWS'}, Tag{name='region', value='AP_SOUTHEAST_2'}, Tag{name='workloadType', value='OPERATIONAL'}]}, electionId=null, setVersion=6, topologyVersion=TopologyVersion{processId=653c0ac49aecd238956cee24, counter=3}, lastWriteDate=Fri Nov 10 16:41:38 CET 2023, lastUpdateTimeNanos=2153157248521400}
2023-11-10T16:41:39.509+01:00  INFO 660 --- [           main] org.mongodb.driver.cluster               : No server chosen by WritableServerSelector from cluster description ClusterDescription{type=REPLICA_SET, connectionMode=MULTIPLE, serverDescriptions=[ServerDescription{address=ac-2jcmsgc-shard-00-02.cpdonss.mongodb.net:27017, type=REPLICA_SET_SECONDARY, state=CONNECTED, ok=true, minWireVersion=0, maxWireVersion=17, maxDocumentSize=16777216, logicalSessionTimeoutMinutes=30, roundTripTimeNanos=593333300, setName='atlas-1v41ew-shard-0', canonicalAddress=ac-2jcmsgc-shard-00-02.cpdonss.mongodb.net:27017, hosts=[ac-2jcmsgc-shard-00-01.cpdonss.mongodb.net:27017, ac-2jcmsgc-shard-00-02.cpdonss.mongodb.net:27017, ac-2jcmsgc-shard-00-00.cpdonss.mongodb.net:27017], passives=[], arbiters=[], primary='ac-2jcmsgc-shard-00-01.cpdonss.mongodb.net:27017', tagSet=TagSet{[Tag{name='nodeType', value='ELECTABLE'}, Tag{name='provider', value='AWS'}, Tag{name='region', value='AP_SOUTHEAST_2'}, Tag{name='workloadType', value='OPERATIONAL'}]}, electionId=null, setVersion=6, topologyVersion=TopologyVersion{processId=653c0ac49aecd238956cee24, counter=3}, lastWriteDate=Fri Nov 10 16:41:38 CET 2023, lastUpdateTimeNanos=2153157248521400}, ServerDescription{address=ac-2jcmsgc-shard-00-00.cpdonss.mongodb.net:27017, type=UNKNOWN, state=CONNECTING}, ServerDescription{address=ac-2jcmsgc-shard-00-01.cpdonss.mongodb.net:27017, type=UNKNOWN, state=CONNECTING}]}. Waiting for 30000 ms before timing out
2023-11-10T16:41:39.526+01:00  INFO 660 --- [ngodb.net:27017] org.mongodb.driver.cluster               : Monitor thread successfully connected to server with description ServerDescription{address=ac-2jcmsgc-shard-00-00.cpdonss.mongodb.net:27017, type=REPLICA_SET_SECONDARY, state=CONNECTED, ok=true, minWireVersion=0, maxWireVersion=17, maxDocumentSize=16777216, logicalSessionTimeoutMinutes=30, roundTripTimeNanos=611793899, setName='atlas-1v41ew-shard-0', canonicalAddress=ac-2jcmsgc-shard-00-00.cpdonss.mongodb.net:27017, hosts=[ac-2jcmsgc-shard-00-01.cpdonss.mongodb.net:27017, ac-2jcmsgc-shard-00-02.cpdonss.mongodb.net:27017, ac-2jcmsgc-shard-00-00.cpdonss.mongodb.net:27017], passives=[], arbiters=[], primary='ac-2jcmsgc-shard-00-01.cpdonss.mongodb.net:27017', tagSet=TagSet{[Tag{name='nodeType', value='ELECTABLE'}, Tag{name='provider', value='AWS'}, Tag{name='region', value='AP_SOUTHEAST_2'}, Tag{name='workloadType', value='OPERATIONAL'}]}, electionId=null, setVersion=6, topologyVersion=TopologyVersion{processId=65317ed59d615535740cfdc6, counter=4}, lastWriteDate=Fri Nov 10 16:41:38 CET 2023, lastUpdateTimeNanos=2153157266743000}
2023-11-10T16:41:39.576+01:00  INFO 660 --- [ngodb.net:27017] org.mongodb.driver.cluster               : Monitor thread successfully connected to server with description ServerDescription{address=ac-2jcmsgc-shard-00-01.cpdonss.mongodb.net:27017, type=REPLICA_SET_PRIMARY, state=CONNECTED, ok=true, minWireVersion=0, maxWireVersion=17, maxDocumentSize=16777216, logicalSessionTimeoutMinutes=30, roundTripTimeNanos=662147500, setName='atlas-1v41ew-shard-0', canonicalAddress=ac-2jcmsgc-shard-00-01.cpdonss.mongodb.net:27017, hosts=[ac-2jcmsgc-shard-00-01.cpdonss.mongodb.net:27017, ac-2jcmsgc-shard-00-02.cpdonss.mongodb.net:27017, ac-2jcmsgc-shard-00-00.cpdonss.mongodb.net:27017], passives=[], arbiters=[], primary='ac-2jcmsgc-shard-00-01.cpdonss.mongodb.net:27017', tagSet=TagSet{[Tag{name='nodeType', value='ELECTABLE'}, Tag{name='provider', value='AWS'}, Tag{name='region', value='AP_SOUTHEAST_2'}, Tag{name='workloadType', value='OPERATIONAL'}]}, electionId=7fffffff00000000000000df, setVersion=6, topologyVersion=TopologyVersion{processId=6531814f44e9fc3bc81e60e0, counter=6}, lastWriteDate=Fri Nov 10 16:41:38 CET 2023, lastUpdateTimeNanos=2153157317123400}
2023-11-10T16:41:39.577+01:00  INFO 660 --- [ngodb.net:27017] org.mongodb.driver.cluster               : Discovered replica set primary ac-2jcmsgc-shard-00-01.cpdonss.mongodb.net:27017 with max election id 7fffffff00000000000000df and max set version 6
2023-11-10T16:41:42.224+01:00  INFO 660 --- [           main] o.s.s.web.DefaultSecurityFilterChain     : Will secure any request with [org.springframework.security.web.session.DisableEncodeUrlFilter@6f9d1785, org.springframework.security.web.context.request.async.WebAsyncManagerIntegrationFilter@f9b97dc, org.springframework.security.web.context.SecurityContextHolderFilter@aad1270, org.springframework.security.web.header.HeaderWriterFilter@414a3c7d, org.springframework.web.filter.CorsFilter@25ea3a5f, org.springframework.security.web.authentication.logout.LogoutFilter@1c93f349, com.tfg.mariomh.v2.myApi.auth.JwtAuthorizationFilter$$SpringCGLIB$$0@7d9587b3, com.tfg.mariomh.v2.myApi.auth.JwtAuthenticationFilter@5503e208, org.springframework.security.web.savedrequest.RequestCacheAwareFilter@7e64b248, org.springframework.security.web.servletapi.SecurityContextHolderAwareRequestFilter@6e5dc02d, org.springframework.security.web.authentication.AnonymousAuthenticationFilter@5225f612, org.springframework.security.web.session.SessionManagementFilter@623e578b, org.springframework.security.web.access.ExceptionTranslationFilter@201a84e1, org.springframework.security.web.access.intercept.FilterSecurityInterceptor@71702d3f]
2023-11-10T16:41:42.338+01:00  INFO 660 --- [           main] o.s.b.w.embedded.tomcat.TomcatWebServer  : Tomcat started on port(s): 53152 (http) with context path ''
2023-11-10T16:41:42.358+01:00  INFO 660 --- [           main] c.t.m.v.m.c.PhoneticControllerTest       : Started PhoneticControllerTest in 4.904 seconds (process running for 41.371)
2023-11-10T16:41:42.382+01:00  INFO 660 --- [o-auto-5-exec-1] o.a.c.c.C.[Tomcat-4].[localhost].[/]     : Initializing Spring DispatcherServlet 'dispatcherServlet'
2023-11-10T16:41:42.382+01:00  INFO 660 --- [o-auto-5-exec-1] o.s.web.servlet.DispatcherServlet        : Initializing Servlet 'dispatcherServlet'
2023-11-10T16:41:42.384+01:00  INFO 660 --- [o-auto-5-exec-1] o.s.web.servlet.DispatcherServlet        : Completed initialization in 1 ms
]]></system-out>
  </testcase>
  <testcase name="getMiniGameByDate" classname="com.tfg.mariomh.v2.myApi.controllers.PhoneticControllerTest" time="0.028"/>
</testsuite>